TN:
SF:src\modules\customers\domains\fakes\FakeCustomerRepositorie.ts
FN:9,FakeCustomersRepository
FN:12,create
FN:24,save
FN:34,remove
FN:41,findAll
FN:45,findByName
FN:50,findId
FN:55,findByEmail
FN:62,findAndCount
FNF:9
FNH:3
FNDA:2,FakeCustomersRepository
FNDA:2,create
FNDA:0,save
FNDA:0,remove
FNDA:0,findAll
FNDA:0,findByName
FNDA:0,findId
FNDA:3,findByEmail
FNDA:0,findAndCount
DA:1,1
DA:2,1
DA:3,1
DA:4,1
DA:5,1
DA:6,1
DA:7,1
DA:8,1
DA:9,2
DA:10,2
DA:11,2
DA:12,2
DA:13,2
DA:14,2
DA:15,2
DA:16,2
DA:17,2
DA:18,2
DA:19,2
DA:20,2
DA:21,2
DA:22,2
DA:23,2
DA:24,2
DA:25,0
DA:26,0
DA:27,0
DA:28,0
DA:29,0
DA:30,0
DA:31,0
DA:32,0
DA:33,2
DA:34,2
DA:35,0
DA:36,0
DA:37,0
DA:38,0
DA:39,0
DA:40,2
DA:41,2
DA:42,0
DA:43,0
DA:44,2
DA:45,2
DA:46,0
DA:47,0
DA:48,0
DA:49,2
DA:50,2
DA:51,0
DA:52,0
DA:53,0
DA:54,2
DA:55,2
DA:56,3
DA:57,3
DA:58,3
DA:59,3
DA:60,3
DA:61,2
DA:62,2
DA:63,0
DA:64,0
DA:65,2
LF:65
LH:42
BRDA:9,0,0,2
BRDA:12,1,0,2
BRDA:55,2,0,3
BRDA:57,3,0,1
BRF:4
BRH:4
end_of_record
TN:
SF:src\modules\customers\infra\database\entities\Customers.ts
FNF:0
FNH:0
DA:1,1
DA:2,1
DA:3,1
DA:4,1
DA:5,1
DA:6,1
DA:7,1
DA:8,1
DA:9,1
DA:10,1
DA:11,1
DA:12,1
DA:13,1
DA:14,1
DA:15,1
DA:16,1
DA:17,1
DA:18,1
DA:19,1
DA:20,1
DA:21,1
DA:22,1
DA:23,1
DA:24,1
DA:25,1
DA:26,1
LF:26
LH:26
BRF:0
BRH:0
end_of_record
TN:
SF:src\modules\customers\services\createCustomersService.ts
FN:9,CreateCustomerService
FN:14,execute
FNF:2
FNH:2
FNDA:2,CreateCustomerService
FNDA:3,execute
DA:1,1
DA:2,1
DA:3,1
DA:4,1
DA:5,1
DA:6,1
DA:7,1
DA:8,1
DA:9,1
DA:10,2
DA:11,2
DA:12,2
DA:13,1
DA:14,1
DA:15,3
DA:16,3
DA:17,3
DA:18,1
DA:19,1
DA:20,2
DA:21,2
DA:22,2
DA:23,2
DA:24,1
LF:24
LH:24
BRDA:9,0,0,2
BRDA:14,1,0,3
BRDA:17,2,0,1
BRDA:20,3,0,2
BRF:4
BRH:4
end_of_record
TN:
SF:src\shared\erros\AppError.ts
FN:5,AppError
FNF:1
FNH:1
FNDA:1,AppError
DA:1,1
DA:2,1
DA:3,1
DA:4,1
DA:5,1
DA:6,1
DA:7,1
DA:8,1
DA:9,1
LF:9
LH:9
BRDA:5,0,0,1
BRF:1
BRH:1
end_of_record
